<?xml version="1.0" encoding="UTF-8"?>
<testng-results ignored="0" total="2" passed="2" failed="0" skipped="0">
  <reporter-output>
  </reporter-output>
  <suite started-at="2020-05-21T11:30:56 IST" name="Suite" finished-at="2020-05-21T11:31:29 IST" duration-ms="33332">
    <groups>
    </groups>
    <test started-at="2020-05-21T11:30:56 IST" name="Test" finished-at="2020-05-21T11:31:29 IST" duration-ms="33332">
      <class name="testCases.SupportAccountPage">
        <test-method is-config="true" signature="initialise()[pri:0, instance:testCases.SupportAccountPage@64712be]" started-at="2020-05-21T11:31:15 IST" name="initialise" finished-at="2020-05-21T11:31:22 IST" duration-ms="6768" status="PASS">
          <reporter-output>
          </reporter-output>
        </test-method> <!-- initialise -->
        <test-method signature="SupportNavigation()[pri:0, instance:testCases.SupportAccountPage@64712be]" started-at="2020-05-21T11:31:22 IST" name="SupportNavigation" finished-at="2020-05-21T11:31:25 IST" duration-ms="3135" status="PASS">
          <reporter-output>
          </reporter-output>
        </test-method> <!-- SupportNavigation -->
        <test-method is-config="true" signature="driverclose()[pri:0, instance:testCases.SupportAccountPage@64712be]" started-at="2020-05-21T11:31:25 IST" name="driverclose" finished-at="2020-05-21T11:31:29 IST" duration-ms="4393" status="PASS">
          <reporter-output>
          </reporter-output>
        </test-method> <!-- driverclose -->
      </class> <!-- testCases.SupportAccountPage -->
      <class name="testCases.Landing_page">
        <test-method is-config="true" signature="initialization()[pri:0, instance:testCases.Landing_page@759fad4]" started-at="2020-05-21T11:30:56 IST" name="initialization" finished-at="2020-05-21T11:31:03 IST" duration-ms="7191" status="PASS">
          <reporter-output>
          </reporter-output>
        </test-method> <!-- initialization -->
        <test-method signature="HomePageNavigation(java.lang.String, java.lang.String)[pri:0, instance:testCases.Landing_page@759fad4]" started-at="2020-05-21T11:31:03 IST" name="HomePageNavigation" data-provider="getData" finished-at="2020-05-21T11:31:15 IST" duration-ms="11725" status="PASS">
          <params>
            <param index="0">
              <value>
                <![CDATA[lipi.jain6@gmail.com]]>
              </value>
            </param>
            <param index="1">
              <value>
                <![CDATA[Something@151993]]>
              </value>
            </param>
          </params>
          <reporter-output>
          </reporter-output>
        </test-method> <!-- HomePageNavigation -->
        <test-method is-config="true" signature="driverclose()[pri:0, instance:testCases.Landing_page@759fad4]" started-at="2020-05-21T11:31:15 IST" name="driverclose" finished-at="2020-05-21T11:31:15 IST" duration-ms="85" status="PASS">
          <reporter-output>
          </reporter-output>
        </test-method> <!-- driverclose -->
      </class> <!-- testCases.Landing_page -->
    </test> <!-- Test -->
  </suite> <!-- Suite -->
</testng-results>
